==============================================================================
Generated Quads for the program
  0. :t000	=	2
  1. :n	=	t000
  2. :t001	=	0
  3. :if  n >=t001	goto 6
  4. :goto 34
  5. :goto 37
  6. :t002	=	10
  7. :if  n <=t002	goto 10
  8. :goto 28
  9. :goto 33
 10. :t003	=	'a'
 11. :a	=	t003
 12. :t004	=	'b'
 13. :b	=	t004
 14. :t005	=	'c'
 15. :c	=	t005
 16. :t006	=	& a
 17. :d	=	t006
 18. :t007	=	9
 19. :k	=	t007
 20. :t008	=	10
 21. :t009	=	k + t008
 22. :l	=	t009
 23. :t010	=	50
 24. :i	=	t010
 25. :t011	=	& l
 26. :p	=	t011
 27. :goto 37
 28. :t012	=	'a'
 29. :a	=	t012
 30. :t013	=	11
 31. :h	=	t013
 32. :goto 37
 33. :goto 37
 34. :t014	=	0
 35. :return	t014
 36. :goto 37
 37. :t015	=	35
 38. :n	=	t015
 39. :t016	=	t015
 40. :param	_0
 41. :t017	=	call printStr, 1
 42. :t018	=	0
 43. :return	t018
 44. :t019	=	a * b
 45. :ans	=	t019
 46. :t020	=	t019
 47. :t021	=	ans * a
 48. :ans	=	t021
 49. :t022	=	t021
 50. :t023	=	b * ans
 51. :a	=	t023
 52. :t024	=	t023
 53. :t025	=	a * a
 54. :t026	=	b * b
 55. :t027	=	t025 + t026
 56. :t028	=	ans * ans
 57. :t029	=	t027 + t028
 58. :ans	=	t029
 59. :t030	=	t029
 60. :return	ans
 61. :t031	=	& c
 62. :p	=	t031
 63. :t032	=	a + b
 64. :i	=	t032
 65. :t033	=	* p
 66. :return	t033
==============================================================================
Symbol table Maintained For the Given Program
++++++++++++++++++++++++++++++++++++++++ Global ++++++++++++++++++++++++++++++++++++++++
Offset = 0
Start Quad Index = 0
End Quad Index =  0
Name	Value	var_type	size	Offset	Type

printInt	null	func		0	-1	ptr-to-St( Global )Int
readInt	null	func		0	-1	ptr-to-St( Global )Int
printStr	null	func		0	-1	ptr-to-St( Global )Int
main	null	func		0	-1	ptr-to-St( main )Int
mult	null	func		0	-1	ptr-to-St( mult )Int
func	null	func		0	-1	ptr-to-St( func )Char

++++++++++++++++++++++++++++++++++++++++++++++++++++++++++++++++++++++++++++++++++++
=============================================================================
++++++++++++++++++++++++++++++++++++++++ main ++++++++++++++++++++++++++++++++++++++++
Offset = -115
Start Quad Index = 0
End Quad Index =  43
Name	Value	var_type	size	Offset	Type

retVal	null	return		4	0	Int
n	2	local		4	-4	Int
t000	2	temp		4	-8	Int
t001	0	temp		4	-12	Int
t002	10	temp		4	-16	Int
a	a	local		1	-17	Char
t003	a	temp		1	-18	Char
b	b	local		1	-19	Char
t004	b	temp		1	-20	Char
c	c	local		1	-21	Char
t005	c	temp		1	-22	Char
d	null	local		8	-30	ptr(Char)
t006	null	temp		8	-38	ptr(Char)
k	9	local		4	-42	Int
t007	9	temp		4	-46	Int
l	0	local		4	-50	Int
t008	10	temp		4	-54	Int
t009	null	temp		4	-58	Int
i	50	local		4	-62	Int
t010	50	temp		4	-66	Int
p	null	local		8	-74	ptr(Int)
t011	null	temp		8	-82	ptr(Int)
t012	a	temp		1	-83	Char
h	0.000	local		8	-91	Double
t013	11	temp		4	-95	Int
t014	0	temp		4	-99	Int
t015	35	temp		4	-103	Int
t016	null	temp		4	-107	Int
t017	null	temp		4	-111	Int
t018	0	temp		4	-115	Int

++++++++++++++++++++++++++++++++++++++++++++++++++++++++++++++++++++++++++++++++++++
++++++++++++++++++++++++++++++++++++++++ mult ++++++++++++++++++++++++++++++++++++++++
Offset = -60
Start Quad Index = 44
End Quad Index =  60
Name	Value	var_type	size	Offset	Type

retVal	null	return		4	0	Int
a	null	param		4	-8	Int
b	null	param		4	-4	Int
ans	null	local		4	-12	Int
t019	null	temp		4	-16	Int
t020	null	temp		4	-20	Int
t021	null	temp		4	-24	Int
t022	null	temp		4	-28	Int
t023	null	temp		4	-32	Int
t024	null	temp		4	-36	Int
t025	null	temp		4	-40	Int
t026	null	temp		4	-44	Int
t027	null	temp		4	-48	Int
t028	null	temp		4	-52	Int
t029	null	temp		4	-56	Int
t030	null	temp		4	-60	Int

++++++++++++++++++++++++++++++++++++++++++++++++++++++++++++++++++++++++++++++++++++
++++++++++++++++++++++++++++++++++++++++ func ++++++++++++++++++++++++++++++++++++++++
Offset = -34
Start Quad Index = 61
End Quad Index =  66
Name	Value	var_type	size	Offset	Type

retVal	null	return		1	0	Char
a	null	param		4	-9	Int
b	null	param		4	-5	Int
c	null	param		1	-1	Char
p	null	local		8	-17	ptr(Char)
t031	null	temp		8	-25	ptr(Char)
i	0	local		4	-29	Int
t032	null	temp		4	-33	Int
t033	null	temp		1	-34	Char

++++++++++++++++++++++++++++++++++++++++++++++++++++++++++++++++++++++++++++++++++++
