==============================================================================
Generated Quads for the program
  0. :t000	=	1
  1. :compilers	=	t000
  2. :t001	=	10
  3. :t002	=	10
  4. :n	=	t002
  5. :t003	=	1
  6. :i	=	t003
  7. :param	_0
  8. :t004	=	call printStr, 1
  9. :t005	=	& n
 10. :param	t005
 11. :t006	=	call readInt, 1
 12. :t007	=	0
 13. :i	=	t007
 14. :t008	=	t007
 15. :if  i <n	goto 21
 16. :goto 28
 17. :goto 28
 18. :t009	=	i
 19. :i	=	i + 1
 20. :goto 15
 21. :t010	=	0
 22. :t012	=	i * 4
 23. :t011	=	t010 + t012
 24. :t013	=	i * i
 25. :arr[t011]	=	t013
 26. :t014	=	t013
 27. :goto 18
 28. :param	_1
 29. :t015	=	call printStr, 1
 30. :param	n
 31. :t016	=	call printInt, 1
 32. :param	_2
 33. :t017	=	call printStr, 1
 34. :t018	=	0
 35. :i	=	t018
 36. :t019	=	t018
 37. :if  i <n	goto 43
 38. :goto 52
 39. :goto 52
 40. :t020	=	i
 41. :i	=	i + 1
 42. :goto 37
 43. :t021	=	0
 44. :t023	=	i * 4
 45. :t022	=	t021 + t023
 46. :t024	=	arr[t022]
 47. :param	t024
 48. :t025	=	call printInt, 1
 49. :param	_3
 50. :t026	=	call printStr, 1
 51. :goto 40
 52. :param	_4
 53. :t027	=	call printStr, 1
 54. :t028	=	0
 55. :return	t028
==============================================================================
Symbol table Maintained For the Given Program
++++++++++++++++++++++++++++++++++++++++ Global ++++++++++++++++++++++++++++++++++++++++
Offset = 8
Start Quad Index = 0
End Quad Index =  0
Name	Value	var_type	size	Offset	Type

printInt	null	func		0	-1	ptr-to-St( Global )Int
readInt	null	func		0	-1	ptr-to-St( Global )Int
printStr	null	func		0	-1	ptr-to-St( Global )Int
compilers	1	local		4	0	Int
t000	1	temp		4	4	Int
main	null	func		0	-1	ptr-to-St( main )Int

++++++++++++++++++++++++++++++++++++++++++++++++++++++++++++++++++++++++++++++++++++
=============================================================================
++++++++++++++++++++++++++++++++++++++++ main ++++++++++++++++++++++++++++++++++++++++
Offset = -164
Start Quad Index = 2
End Quad Index =  55
Name	Value	var_type	size	Offset	Type

retVal	null	return		4	0	Int
arr	null	local		40	-40	array(10,Int)
t001	10	temp		4	-44	Int
n	10	local		4	-48	Int
t002	10	temp		4	-52	Int
i	1	local		4	-56	Int
t003	1	temp		4	-60	Int
t004	null	temp		4	-64	Int
t005	null	temp		8	-72	ptr(Int)
t006	null	temp		4	-76	Int
t007	0	temp		4	-80	Int
t008	null	temp		4	-84	Int
t009	null	temp		4	-88	Int
t010	0	temp		4	-92	Int
t011	null	temp		4	-96	Int
t012	null	temp		4	-100	Int
t013	null	temp		4	-104	Int
t014	null	temp		4	-108	Int
t015	null	temp		4	-112	Int
t016	null	temp		4	-116	Int
t017	null	temp		4	-120	Int
t018	0	temp		4	-124	Int
t019	null	temp		4	-128	Int
t020	null	temp		4	-132	Int
t021	0	temp		4	-136	Int
t022	null	temp		4	-140	Int
t023	null	temp		4	-144	Int
t024	null	temp		4	-148	Int
t025	null	temp		4	-152	Int
t026	null	temp		4	-156	Int
t027	null	temp		4	-160	Int
t028	0	temp		4	-164	Int

++++++++++++++++++++++++++++++++++++++++++++++++++++++++++++++++++++++++++++++++++++
