==============================================================================
Generated Quads for the program
  0. :t000	=	0
  1. :reversedInteger	=	t000
  2. :t001	=	t000
  3. :param	_0
  4. :t002	=	call printStr, 1
  5. :t003	=	& n
  6. :param	t003
  7. :t004	=	call readInt, 1
  8. :originalInteger	=	n
  9. :t005	=	n
 10. :t006	=	0
 11. :if  n !=t006	goto 14
 12. :goto 28
 13. :goto 28
 14. :t007	=	10
 15. :t008	=	n % t007
 16. :remainder	=	t008
 17. :t009	=	t008
 18. :t010	=	10
 19. :t011	=	reversedInteger * t010
 20. :t012	=	t011 + remainder
 21. :reversedInteger	=	t012
 22. :t013	=	t012
 23. :t014	=	10
 24. :t015	=	n / t014
 25. :n	=	t015
 26. :t016	=	t015
 27. :goto 10
 28. :if  originalInteger ==reversedInteger	goto 31
 29. :goto 34
 30. :goto 37
 31. :param	_1
 32. :t017	=	call printStr, 1
 33. :goto 37
 34. :param	_2
 35. :t018	=	call printStr, 1
 36. :goto 37
 37. :t019	=	0
 38. :return	t019
==============================================================================
Symbol table Maintained For the Given Program
++++++++++++++++++++++++++++++++++++++++ Global ++++++++++++++++++++++++++++++++++++++++
Offset = 0
Start Quad Index = 0
End Quad Index =  0
Name	Value	var_type	size	Offset	Type

printInt	null	func		0	-1	ptr-to-St( Global )Int
readInt	null	func		0	-1	ptr-to-St( Global )Int
printStr	null	func		0	-1	ptr-to-St( Global )Int
main	null	func		0	-1	ptr-to-St( main )Int

++++++++++++++++++++++++++++++++++++++++++++++++++++++++++++++++++++++++++++++++++++
=============================================================================
++++++++++++++++++++++++++++++++++++++++ main ++++++++++++++++++++++++++++++++++++++++
Offset = -100
Start Quad Index = 0
End Quad Index =  38
Name	Value	var_type	size	Offset	Type

retVal	null	return		4	0	Int
n	null	local		4	-4	Int
reversedInteger	null	local		4	-8	Int
remainder	null	local		4	-12	Int
originalInteger	null	local		4	-16	Int
t000	0	temp		4	-20	Int
t001	null	temp		4	-24	Int
t002	null	temp		4	-28	Int
t003	null	temp		8	-36	ptr(Int)
t004	null	temp		4	-40	Int
t005	null	temp		4	-44	Int
t006	0	temp		4	-48	Int
t007	10	temp		4	-52	Int
t008	null	temp		4	-56	Int
t009	null	temp		4	-60	Int
t010	10	temp		4	-64	Int
t011	null	temp		4	-68	Int
t012	null	temp		4	-72	Int
t013	null	temp		4	-76	Int
t014	10	temp		4	-80	Int
t015	null	temp		4	-84	Int
t016	null	temp		4	-88	Int
t017	null	temp		4	-92	Int
t018	null	temp		4	-96	Int
t019	0	temp		4	-100	Int

++++++++++++++++++++++++++++++++++++++++++++++++++++++++++++++++++++++++++++++++++++
