==============================================================================
Generated Quads for the program
  0. :t000	=	10
  1. :t001	=	x / t000
  2. :t002	=	0
  3. :if  t001 ==t002	goto 6
  4. :goto 8
  5. :goto 19
  6. :return	x
  7. :goto -1
  8. :t003	=	10
  9. :t004	=	x % t003
 10. :param	t004
 11. :t005	=	call sumOfDigits, 1
 12. :t006	=	10
 13. :t007	=	x / t006
 14. :param	t007
 15. :t008	=	call sumOfDigits, 1
 16. :t009	=	t005 + t008
 17. :return	t009
 18. :goto -1
 19. :param	_0
 20. :t010	=	call printStr, 1
 21. :t011	=	& n
 22. :param	t011
 23. :t012	=	call readInt, 1
 24. :param	n
 25. :t013	=	call sumOfDigits, 1
 26. :s	=	t013
 27. :t014	=	t013
 28. :param	_1
 29. :t015	=	call printStr, 1
 30. :param	s
 31. :t016	=	call printInt, 1
 32. :param	_2
 33. :t017	=	call printStr, 1
 34. :t018	=	0
 35. :return	t018
==============================================================================
Symbol table Maintained For the Given Program
++++++++++++++++++++++++++++++++++++++++ Global ++++++++++++++++++++++++++++++++++++++++
Offset = 0
Start Quad Index = 0
End Quad Index =  0
Name	Value	var_type	size	Offset	Type

printInt	null	func		0	-1	ptr-to-St( Global )Int
readInt	null	func		0	-1	ptr-to-St( Global )Int
printStr	null	func		0	-1	ptr-to-St( Global )Int
sumOfDigits	null	func		0	-1	ptr-to-St( sumOfDigits )Int
main	null	func		0	-1	ptr-to-St( main )Int

++++++++++++++++++++++++++++++++++++++++++++++++++++++++++++++++++++++++++++++++++++
=============================================================================
++++++++++++++++++++++++++++++++++++++++ sumOfDigits ++++++++++++++++++++++++++++++++++++++++
Offset = -44
Start Quad Index = 0
End Quad Index =  18
Name	Value	var_type	size	Offset	Type

retVal	null	return		4	0	Int
x	null	param		4	-4	Int
t000	10	temp		4	-8	Int
t001	null	temp		4	-12	Int
t002	0	temp		4	-16	Int
t003	10	temp		4	-20	Int
t004	null	temp		4	-24	Int
t005	null	temp		4	-28	Int
t006	10	temp		4	-32	Int
t007	null	temp		4	-36	Int
t008	null	temp		4	-40	Int
t009	null	temp		4	-44	Int

++++++++++++++++++++++++++++++++++++++++++++++++++++++++++++++++++++++++++++++++++++
++++++++++++++++++++++++++++++++++++++++ main ++++++++++++++++++++++++++++++++++++++++
Offset = -48
Start Quad Index = 19
End Quad Index =  35
Name	Value	var_type	size	Offset	Type

retVal	null	return		4	0	Int
n	null	local		4	-4	Int
t010	null	temp		4	-8	Int
t011	null	temp		8	-16	ptr(Int)
t012	null	temp		4	-20	Int
s	null	local		4	-24	Int
t013	null	temp		4	-28	Int
t014	null	temp		4	-32	Int
t015	null	temp		4	-36	Int
t016	null	temp		4	-40	Int
t017	null	temp		4	-44	Int
t018	0	temp		4	-48	Int

++++++++++++++++++++++++++++++++++++++++++++++++++++++++++++++++++++++++++++++++++++
